<?xml version="1.0" encoding="UTF-8"?>
<!-- Generated by org.testng.reporters.JUnitXMLReporter -->
<testsuite hostname="DESKTOP-CFS1HL3" ignored="1" name="Test" tests="4" failures="0" timestamp="24 Apr 2020 20:48:03 GMT" time="25.179" errors="0">
  <testcase name="credentials" time="6.953" classname="Test_RedBus.main_test"/>
  <testcase name="enter" time="0.01" classname="Test_RedBus.main_test"/>
  <testcase name="main" time="4.266" classname="Test_RedBus.main_test"/>
  <testcase name="nextpage" time="0.006" classname="Test_RedBus.main_test"/>
  <testcase name="dest" time="0.0" classname="Test_RedBus.main_test">
    <ignored/>
  </testcase> <!-- dest -->
</testsuite> <!-- Test -->
