<?xml version="1.0" encoding="UTF-8"?>
<!-- Generated by org.testng.reporters.JUnitXMLReporter -->
<testsuite hostname="DESKTOP-CFS1HL3" ignored="1" name="Default test" tests="4" failures="0" timestamp="24 Apr 2020 20:41:44 GMT" time="26.018" errors="0">
  <testcase name="credentials" time="7.371" classname="Test_RedBus.main_test"/>
  <testcase name="enter" time="0.009" classname="Test_RedBus.main_test"/>
  <testcase name="main" time="4.23" classname="Test_RedBus.main_test"/>
  <testcase name="nextpage" time="0.006" classname="Test_RedBus.main_test"/>
  <testcase name="dest" time="0.0" classname="Test_RedBus.main_test">
    <ignored/>
  </testcase> <!-- dest -->
</testsuite> <!-- Default test -->
