<?xml version="1.0" encoding="UTF-8"?>
<testng-results skipped="0" failed="0" ignored="1" total="5" passed="4">
  <reporter-output>
  </reporter-output>
  <suite name="TESTNG PRACTICE" duration-ms="28694" started-at="2020-04-24T21:07:03Z" finished-at="2020-04-24T21:07:32Z">
    <groups>
    </groups>
    <test name="Test" duration-ms="28694" started-at="2020-04-24T21:07:03Z" finished-at="2020-04-24T21:07:32Z">
      <class name="Test_RedBus.main_test">
        <test-method status="PASS" signature="setup()[pri:0, instance:Test_RedBus.main_test@551bdc27]" name="setup" is-config="true" duration-ms="17718" started-at="2020-04-24T21:07:03Z" finished-at="2020-04-24T21:07:21Z">
          <reporter-output>
          </reporter-output>
        </test-method> <!-- setup -->
        <test-method status="PASS" signature="credentials()[pri:0, instance:Test_RedBus.main_test@551bdc27]" name="credentials" duration-ms="6755" started-at="2020-04-24T21:07:21Z" finished-at="2020-04-24T21:07:28Z">
          <reporter-output>
          </reporter-output>
        </test-method> <!-- credentials -->
        <test-method status="PASS" signature="enter()[pri:0, instance:Test_RedBus.main_test@551bdc27]" name="enter" duration-ms="10" started-at="2020-04-24T21:07:28Z" finished-at="2020-04-24T21:07:28Z">
          <reporter-output>
          </reporter-output>
        </test-method> <!-- enter -->
        <test-method status="PASS" signature="main()[pri:0, instance:Test_RedBus.main_test@551bdc27]" name="main" duration-ms="4166" started-at="2020-04-24T21:07:28Z" finished-at="2020-04-24T21:07:32Z">
          <reporter-output>
          </reporter-output>
        </test-method> <!-- main -->
        <test-method status="PASS" signature="nextpage()[pri:0, instance:Test_RedBus.main_test@551bdc27]" name="nextpage" duration-ms="4" started-at="2020-04-24T21:07:32Z" finished-at="2020-04-24T21:07:32Z">
          <reporter-output>
          </reporter-output>
        </test-method> <!-- nextpage -->
        <test-method status="PASS" signature="tear()[pri:0, instance:Test_RedBus.main_test@551bdc27]" name="tear" is-config="true" duration-ms="5" started-at="2020-04-24T21:07:32Z" finished-at="2020-04-24T21:07:32Z">
          <reporter-output>
          </reporter-output>
        </test-method> <!-- tear -->
      </class> <!-- Test_RedBus.main_test -->
    </test> <!-- Test -->
  </suite> <!-- TESTNG PRACTICE -->
</testng-results>
