<?xml version="1.0" encoding="UTF-8"?>
<testng-results skipped="0" failed="0" ignored="1" total="5" passed="4">
  <reporter-output>
  </reporter-output>
  <suite name="TESTNG PRACTICE" duration-ms="25179" started-at="2020-04-24T20:47:38Z" finished-at="2020-04-24T20:48:03Z">
    <groups>
    </groups>
    <test name="Test" duration-ms="25179" started-at="2020-04-24T20:47:38Z" finished-at="2020-04-24T20:48:03Z">
      <class name="Test_RedBus.main_test">
        <test-method status="PASS" signature="setup()[pri:0, instance:Test_RedBus.main_test@3b2da18f]" name="setup" is-config="true" duration-ms="13898" started-at="2020-04-24T20:47:38Z" finished-at="2020-04-24T20:47:52Z">
          <reporter-output>
          </reporter-output>
        </test-method> <!-- setup -->
        <test-method status="PASS" signature="credentials()[pri:0, instance:Test_RedBus.main_test@3b2da18f]" name="credentials" duration-ms="6953" started-at="2020-04-24T20:47:52Z" finished-at="2020-04-24T20:47:59Z">
          <reporter-output>
          </reporter-output>
        </test-method> <!-- credentials -->
        <test-method status="PASS" signature="enter()[pri:0, instance:Test_RedBus.main_test@3b2da18f]" name="enter" duration-ms="10" started-at="2020-04-24T20:47:59Z" finished-at="2020-04-24T20:47:59Z">
          <reporter-output>
          </reporter-output>
        </test-method> <!-- enter -->
        <test-method status="PASS" signature="main()[pri:0, instance:Test_RedBus.main_test@3b2da18f]" name="main" duration-ms="4266" started-at="2020-04-24T20:47:59Z" finished-at="2020-04-24T20:48:03Z">
          <reporter-output>
          </reporter-output>
        </test-method> <!-- main -->
        <test-method status="PASS" signature="nextpage()[pri:0, instance:Test_RedBus.main_test@3b2da18f]" name="nextpage" duration-ms="6" started-at="2020-04-24T20:48:03Z" finished-at="2020-04-24T20:48:03Z">
          <reporter-output>
          </reporter-output>
        </test-method> <!-- nextpage -->
        <test-method status="PASS" signature="tear()[pri:0, instance:Test_RedBus.main_test@3b2da18f]" name="tear" is-config="true" duration-ms="6" started-at="2020-04-24T20:48:03Z" finished-at="2020-04-24T20:48:03Z">
          <reporter-output>
          </reporter-output>
        </test-method> <!-- tear -->
      </class> <!-- Test_RedBus.main_test -->
    </test> <!-- Test -->
  </suite> <!-- TESTNG PRACTICE -->
</testng-results>
